Using pre-set license
Built from '2020.3/release' branch; Version is '2020.3.1f1 (77a89f25062f) revision 7841951'; Using compiler version '192528614'; Build Type 'Release'
OS: 'Windows 10 Home; OS build 19041.867; Version 2004; 64bit' Language: 'en' Physical Memory: 16313 MB
BatchMode: 1, IsHumanControllingUs: 0, StartBugReporterOnCrash: 0, Is64bit: 1, IsPro: 0

 COMMAND LINE ARGUMENTS:
C:\Program Files\Unity\Editor\Unity.exe
-adb2
-batchMode
-noUpm
-name
AssetImportWorker0
-projectPath
C:/Users/jtspi/dir/cis/gameProg/GameProg_Assignment1/Rollaball
-logFile
Logs/AssetImportWorker0.log
-srvPort
53738
Successfully changed project path to: C:/Users/jtspi/dir/cis/gameProg/GameProg_Assignment1/Rollaball
C:/Users/jtspi/dir/cis/gameProg/GameProg_Assignment1/Rollaball
Using Asset Import Pipeline V2.
Refreshing native plugins compatible for Editor in 42.19 ms, found 0 plugins.
Preloading 0 native plugins for Editor in 0.00 ms.
Initialize engine version: 2020.3.1f1 (77a89f25062f)
[Subsystems] Discovering subsystems at path C:/Program Files/Unity/Editor/Data/Resources/UnitySubsystems
[Subsystems] Discovering subsystems at path C:/Users/jtspi/dir/cis/gameProg/GameProg_Assignment1/Rollaball/Assets
GfxDevice: creating device client; threaded=0
Direct3D:
    Version:  Direct3D 11.0 [level 11.1]
    Renderer: AMD Radeon RX 5700 XT (ID=0x731f)
    Vendor:   
    VRAM:     8152 MB
    Driver:   27.20.14501.28009
Initialize mono
Mono path[0] = 'C:/Program Files/Unity/Editor/Data/Managed'
Mono path[1] = 'C:/Program Files/Unity/Editor/Data/MonoBleedingEdge/lib/mono/unityjit'
Mono config path = 'C:/Program Files/Unity/Editor/Data/MonoBleedingEdge/etc'
Using monoOptions --debugger-agent=transport=dt_socket,embedding=1,server=y,suspend=n,address=127.0.0.1:56748
Begin MonoManager ReloadAssembly
Registering precompiled unity dll's ...
Register platform support module: C:/Program Files/Unity/Editor/Data/PlaybackEngines/WebGLSupport/UnityEditor.WebGL.Extensions.dll
Register platform support module: C:/Program Files/Unity/Editor/Data/PlaybackEngines/WindowsStandaloneSupport/UnityEditor.WindowsStandalone.Extensions.dll
Registered in 0.001795 seconds.
Native extension for WindowsStandalone target not found
Native extension for WebGL target not found
Refreshing native plugins compatible for Editor in 44.12 ms, found 0 plugins.
Preloading 0 native plugins for Editor in 0.00 ms.
Invoked RoslynAnalysisRunner static constructor.
RoslynAnalysisRunner will not be running.
RoslynAnalysisRunner has terminated.
Mono: successfully reloaded assembly
- Completed reload, in  0.880 seconds
Platform modules already initialized, skipping
Registering precompiled user dll's ...
Registered in 0.001274 seconds.
Begin MonoManager ReloadAssembly
Native extension for WindowsStandalone target not found
Native extension for WebGL target not found
Refreshing native plugins compatible for Editor in 42.18 ms, found 0 plugins.
Preloading 0 native plugins for Editor in 0.00 ms.
Invoked RoslynAnalysisRunner static constructor.
RoslynAnalysisRunner will not be running.
RoslynAnalysisRunner has terminated.
Mono: successfully reloaded assembly
- Completed reload, in  0.794 seconds
Platform modules already initialized, skipping
========================================================================
Worker process is ready to serve import requests
Shader 'Universal Render Pipeline/Particles/Lit': fallback shader 'Universal Render Pipeline/Particles/SimpleLit' not found
Shader 'Universal Render Pipeline/Particles/Lit': fallback shader 'Universal Render Pipeline/Particles/SimpleLit' not found
Launched and connected shader compiler UnityShaderCompiler.exe after 0.04 seconds
Refreshing native plugins compatible for Editor in 0.47 ms, found 0 plugins.
Preloading 0 native plugins for Editor in 0.00 ms.
Unloading 2713 Unused Serialized files (Serialized files now loaded: 0)
System memory in use before: 122.0 MB.
System memory in use after: 119.8 MB.

Unloading 47 unused Assets to reduce memory usage. Loaded Objects now: 3123.
Total: 3.325400 ms (FindLiveObjects: 0.363700 ms CreateObjectMapping: 0.111600 ms MarkObjects: 1.797600 ms  DeleteObjects: 1.051200 ms)

========================================================================
Received Import Request.
  path: Assets/Materials/Player.mat
  artifactKey: Guid(48b82803b33e95f449ef00aa3921d37a) Importer(815301076,1909f56bfc062723c751e8b465ee728b)
Start importing Assets/Materials/Player.mat using Guid(48b82803b33e95f449ef00aa3921d37a) Importer(815301076,1909f56bfc062723c751e8b465ee728b)  -> (artifact id: '64878ce01df3e14c6a0879be1a4a652d') in 0.189531 seconds
  Import took 0.193652 seconds .

========================================================================
Received Import Request.
  Time since last request: 0.000223 seconds.
  path: Assets/Materials/Background.mat
  artifactKey: Guid(3e7de4dab051dca488f1bb07c337dd36) Importer(815301076,1909f56bfc062723c751e8b465ee728b)
Start importing Assets/Materials/Background.mat using Guid(3e7de4dab051dca488f1bb07c337dd36) Importer(815301076,1909f56bfc062723c751e8b465ee728b)  -> (artifact id: '684aff1aa2e80d5a93e38bcc541bf673') in 0.015655 seconds
  Import took 0.020865 seconds .

========================================================================
Received Prepare
Registering precompiled user dll's ...
Registered in 0.001222 seconds.
Begin MonoManager ReloadAssembly
Native extension for WindowsStandalone target not found
Native extension for WebGL target not found
Refreshing native plugins compatible for Editor in 0.51 ms, found 0 plugins.
Preloading 0 native plugins for Editor in 0.00 ms.
Invoked RoslynAnalysisRunner static constructor.
RoslynAnalysisRunner will not be running.
RoslynAnalysisRunner has terminated.
Mono: successfully reloaded assembly
- Completed reload, in  0.777 seconds
Platform modules already initialized, skipping
Shader 'Universal Render Pipeline/Particles/Lit': fallback shader 'Universal Render Pipeline/Particles/SimpleLit' not found
Shader 'Universal Render Pipeline/Particles/Lit': fallback shader 'Universal Render Pipeline/Particles/SimpleLit' not found
Refreshing native plugins compatible for Editor in 0.49 ms, found 0 plugins.
Preloading 0 native plugins for Editor in 0.00 ms.
Unloading 2638 Unused Serialized files (Serialized files now loaded: 0)
System memory in use before: 124.5 MB.
System memory in use after: 122.3 MB.

Unloading 40 unused Assets to reduce memory usage. Loaded Objects now: 3204.
Total: 3.964100 ms (FindLiveObjects: 0.385700 ms CreateObjectMapping: 0.083700 ms MarkObjects: 2.294300 ms  DeleteObjects: 1.199300 ms)

========================================================================
Received Prepare
Shader 'Universal Render Pipeline/Particles/Lit': fallback shader 'Universal Render Pipeline/Particles/SimpleLit' not found
Shader 'Universal Render Pipeline/Particles/Lit': fallback shader 'Universal Render Pipeline/Particles/SimpleLit' not found
Refreshing native plugins compatible for Editor in 1.16 ms, found 0 plugins.
Preloading 0 native plugins for Editor in 0.00 ms.
Unloading 38 Unused Serialized files (Serialized files now loaded: 0)
System memory in use before: 73.2 MB.
System memory in use after: 71.0 MB.

Unloading 38 unused Assets to reduce memory usage. Loaded Objects now: 3204.
Total: 3.321000 ms (FindLiveObjects: 0.333200 ms CreateObjectMapping: 0.075200 ms MarkObjects: 1.717100 ms  DeleteObjects: 1.194900 ms)

========================================================================
Received Import Request.
  Time since last request: 104.680822 seconds.
  path: Assets/Input/Rollaball.inputactions
  artifactKey: Guid(a94f50d0f79714b4995df76622711150) Importer(815301076,1909f56bfc062723c751e8b465ee728b)
Start importing Assets/Input/Rollaball.inputactions using Guid(a94f50d0f79714b4995df76622711150) Importer(815301076,1909f56bfc062723c751e8b465ee728b)  -> (artifact id: '6be8ad137c218f77e9bd03f5a828b656') in 0.038045 seconds
  Import took 0.043805 seconds .

========================================================================
Received Import Request.
  Time since last request: 19.805090 seconds.
  path: Assets/Input
  artifactKey: Guid(3e1c1b3d948decf45812aa0b16466fcb) Importer(815301076,1909f56bfc062723c751e8b465ee728b)
Start importing Assets/Input using Guid(3e1c1b3d948decf45812aa0b16466fcb) Importer(815301076,1909f56bfc062723c751e8b465ee728b)  -> (artifact id: '029044007e66f4a8d6d38f1a18b1a2e9') in 0.008737 seconds
  Import took 0.012771 seconds .

========================================================================
Received Import Request.
  Time since last request: 3.929139 seconds.
  path: Assets/Input/New Folder
  artifactKey: Guid(16e848141cb8c6947922a00decb79dce) Importer(815301076,1909f56bfc062723c751e8b465ee728b)
Start importing Assets/Input/New Folder using Guid(16e848141cb8c6947922a00decb79dce) Importer(815301076,1909f56bfc062723c751e8b465ee728b)  -> (artifact id: '6555bcabfa0608cc0b7da94fd85a52cf') in 0.002743 seconds
  Import took 0.006745 seconds .

========================================================================
Received Import Request.
  Time since last request: 0.000625 seconds.
  path: Assets/Input/New Folder
  artifactKey: Guid(16e848141cb8c6947922a00decb79dce) Importer(815301076,1909f56bfc062723c751e8b465ee728b)
Start importing Assets/Input/New Folder using Guid(16e848141cb8c6947922a00decb79dce) Importer(815301076,1909f56bfc062723c751e8b465ee728b)  -> (artifact id: '6555bcabfa0608cc0b7da94fd85a52cf') in 0.002844 seconds
  Import took 0.006613 seconds .

========================================================================
Received Import Request.
  Time since last request: 9.039608 seconds.
  path: Assets/Scripts
  artifactKey: Guid(6a9859ad241495f46b17f48d41fcd2ea) Importer(815301076,1909f56bfc062723c751e8b465ee728b)
Start importing Assets/Scripts using Guid(6a9859ad241495f46b17f48d41fcd2ea) Importer(815301076,1909f56bfc062723c751e8b465ee728b)  -> (artifact id: 'a5e89467fe8545d9fb367b026884527b') in 0.006949 seconds
  Import took 0.010911 seconds .

========================================================================
Received Prepare
Registering precompiled user dll's ...
Registered in 0.001236 seconds.
Begin MonoManager ReloadAssembly
Native extension for WindowsStandalone target not found
Native extension for WebGL target not found
Refreshing native plugins compatible for Editor in 0.53 ms, found 0 plugins.
Preloading 0 native plugins for Editor in 0.00 ms.
Invoked RoslynAnalysisRunner static constructor.
RoslynAnalysisRunner will not be running.
RoslynAnalysisRunner has terminated.
Mono: successfully reloaded assembly
- Completed reload, in  0.745 seconds
Platform modules already initialized, skipping
Shader 'Universal Render Pipeline/Particles/Lit': fallback shader 'Universal Render Pipeline/Particles/SimpleLit' not found
Shader 'Universal Render Pipeline/Particles/Lit': fallback shader 'Universal Render Pipeline/Particles/SimpleLit' not found
Refreshing native plugins compatible for Editor in 0.50 ms, found 0 plugins.
Preloading 0 native plugins for Editor in 0.00 ms.
Unloading 2639 Unused Serialized files (Serialized files now loaded: 0)
System memory in use before: 124.6 MB.
System memory in use after: 122.4 MB.

Unloading 40 unused Assets to reduce memory usage. Loaded Objects now: 3208.
Total: 3.421900 ms (FindLiveObjects: 0.336400 ms CreateObjectMapping: 0.078500 ms MarkObjects: 1.772600 ms  DeleteObjects: 1.233500 ms)

========================================================================
Received Prepare
Registering precompiled user dll's ...
Registered in 0.001206 seconds.
Begin MonoManager ReloadAssembly
Native extension for WindowsStandalone target not found
Native extension for WebGL target not found
Refreshing native plugins compatible for Editor in 0.51 ms, found 0 plugins.
Preloading 0 native plugins for Editor in 0.00 ms.
Invoked RoslynAnalysisRunner static constructor.
RoslynAnalysisRunner will not be running.
RoslynAnalysisRunner has terminated.
Mono: successfully reloaded assembly
- Completed reload, in  0.738 seconds
Platform modules already initialized, skipping
Shader 'Universal Render Pipeline/Particles/Lit': fallback shader 'Universal Render Pipeline/Particles/SimpleLit' not found
Shader 'Universal Render Pipeline/Particles/Lit': fallback shader 'Universal Render Pipeline/Particles/SimpleLit' not found
Refreshing native plugins compatible for Editor in 0.49 ms, found 0 plugins.
Preloading 0 native plugins for Editor in 0.00 ms.
Unloading 2639 Unused Serialized files (Serialized files now loaded: 0)
System memory in use before: 124.6 MB.
System memory in use after: 122.4 MB.

Unloading 40 unused Assets to reduce memory usage. Loaded Objects now: 3211.
Total: 3.493300 ms (FindLiveObjects: 0.307300 ms CreateObjectMapping: 0.075300 ms MarkObjects: 1.790200 ms  DeleteObjects: 1.319600 ms)

========================================================================
Received Import Request.
  Time since last request: 40.027321 seconds.
  path: Assets/Scripts/PlayerController.cs
  artifactKey: Guid(02dbce73ef7bb994bbc9f4e6868e2fc5) Importer(815301076,1909f56bfc062723c751e8b465ee728b)
Start importing Assets/Scripts/PlayerController.cs using Guid(02dbce73ef7bb994bbc9f4e6868e2fc5) Importer(815301076,1909f56bfc062723c751e8b465ee728b)  -> (artifact id: '36c597f38c5fa7abbb0dcf755f2b9569') in 0.055998 seconds
  Import took 0.059976 seconds .

========================================================================
Received Import Request.
  Time since last request: 293.696660 seconds.
  path: Assets/Scripts/PlayerController.cs
  artifactKey: Guid(02dbce73ef7bb994bbc9f4e6868e2fc5) Importer(815301076,1909f56bfc062723c751e8b465ee728b)
Start importing Assets/Scripts/PlayerController.cs using Guid(02dbce73ef7bb994bbc9f4e6868e2fc5) Importer(815301076,1909f56bfc062723c751e8b465ee728b)  -> (artifact id: 'd67a64441b237d065b55808e2447a489') in 0.003615 seconds
  Import took 0.007984 seconds .

========================================================================
Received Import Request.
  Time since last request: 0.002477 seconds.
  path: Assets/Scripts/PlayerController.cs
  artifactKey: Guid(02dbce73ef7bb994bbc9f4e6868e2fc5) Importer(815301076,1909f56bfc062723c751e8b465ee728b)
Start importing Assets/Scripts/PlayerController.cs using Guid(02dbce73ef7bb994bbc9f4e6868e2fc5) Importer(815301076,1909f56bfc062723c751e8b465ee728b)  -> (artifact id: 'd67a64441b237d065b55808e2447a489') in 0.003182 seconds
  Import took 0.007281 seconds .

========================================================================
Received Import Request.
  Time since last request: 228.289392 seconds.
  path: Assets/Scripts/PlayerController.cs
  artifactKey: Guid(02dbce73ef7bb994bbc9f4e6868e2fc5) Importer(815301076,1909f56bfc062723c751e8b465ee728b)
Start importing Assets/Scripts/PlayerController.cs using Guid(02dbce73ef7bb994bbc9f4e6868e2fc5) Importer(815301076,1909f56bfc062723c751e8b465ee728b)  -> (artifact id: '57ba91ab4791a39ca8beb973eb3ba307') in 0.003406 seconds
  Import took 0.007579 seconds .

========================================================================
Received Import Request.
  Time since last request: 17.450859 seconds.
  path: Assets/Scripts/PlayerController.cs
  artifactKey: Guid(02dbce73ef7bb994bbc9f4e6868e2fc5) Importer(815301076,1909f56bfc062723c751e8b465ee728b)
Start importing Assets/Scripts/PlayerController.cs using Guid(02dbce73ef7bb994bbc9f4e6868e2fc5) Importer(815301076,1909f56bfc062723c751e8b465ee728b)  -> (artifact id: '22fb372063f6777b45718515a6436b93') in 0.004699 seconds
  Import took 0.008830 seconds .

========================================================================
Received Import Request.
  Time since last request: 41.294011 seconds.
  path: Assets/Scripts/PlayerController.cs
  artifactKey: Guid(02dbce73ef7bb994bbc9f4e6868e2fc5) Importer(815301076,1909f56bfc062723c751e8b465ee728b)
Start importing Assets/Scripts/PlayerController.cs using Guid(02dbce73ef7bb994bbc9f4e6868e2fc5) Importer(815301076,1909f56bfc062723c751e8b465ee728b)  -> (artifact id: 'f898839168a60fcb5e7ffa046074b1e3') in 0.003019 seconds
  Import took 0.007140 seconds .

========================================================================
Received Import Request.
  Time since last request: 0.001751 seconds.
  path: Assets/Scripts/PlayerController.cs
  artifactKey: Guid(02dbce73ef7bb994bbc9f4e6868e2fc5) Importer(815301076,1909f56bfc062723c751e8b465ee728b)
Start importing Assets/Scripts/PlayerController.cs using Guid(02dbce73ef7bb994bbc9f4e6868e2fc5) Importer(815301076,1909f56bfc062723c751e8b465ee728b)  -> (artifact id: 'f898839168a60fcb5e7ffa046074b1e3') in 0.003099 seconds
  Import took 0.007101 seconds .

========================================================================
Received Prepare
Registering precompiled user dll's ...
Registered in 0.001164 seconds.
Begin MonoManager ReloadAssembly
Native extension for WindowsStandalone target not found
Native extension for WebGL target not found
Refreshing native plugins compatible for Editor in 0.50 ms, found 0 plugins.
Preloading 0 native plugins for Editor in 0.00 ms.
Invoked RoslynAnalysisRunner static constructor.
RoslynAnalysisRunner will not be running.
RoslynAnalysisRunner has terminated.
Mono: successfully reloaded assembly
- Completed reload, in  0.730 seconds
Platform modules already initialized, skipping
Shader 'Universal Render Pipeline/Particles/Lit': fallback shader 'Universal Render Pipeline/Particles/SimpleLit' not found
Shader 'Universal Render Pipeline/Particles/Lit': fallback shader 'Universal Render Pipeline/Particles/SimpleLit' not found
Refreshing native plugins compatible for Editor in 0.48 ms, found 0 plugins.
Preloading 0 native plugins for Editor in 0.00 ms.
Unloading 2639 Unused Serialized files (Serialized files now loaded: 0)
System memory in use before: 124.6 MB.
System memory in use after: 122.4 MB.

Unloading 40 unused Assets to reduce memory usage. Loaded Objects now: 3214.
Total: 3.724200 ms (FindLiveObjects: 0.356000 ms CreateObjectMapping: 0.094100 ms MarkObjects: 1.979800 ms  DeleteObjects: 1.293100 ms)

========================================================================
Received Import Request.
  Time since last request: 12.793670 seconds.
  path: Assets/Scripts/PlayerController.cs
  artifactKey: Guid(02dbce73ef7bb994bbc9f4e6868e2fc5) Importer(815301076,1909f56bfc062723c751e8b465ee728b)
Start importing Assets/Scripts/PlayerController.cs using Guid(02dbce73ef7bb994bbc9f4e6868e2fc5) Importer(815301076,1909f56bfc062723c751e8b465ee728b)  -> (artifact id: 'd63306d009ea846fc8c27a1694c03508') in 0.006025 seconds
  Import took 0.009640 seconds .

========================================================================
Received Prepare
Registering precompiled user dll's ...
Registered in 0.001226 seconds.
Begin MonoManager ReloadAssembly
Native extension for WindowsStandalone target not found
Native extension for WebGL target not found
Refreshing native plugins compatible for Editor in 0.60 ms, found 0 plugins.
Preloading 0 native plugins for Editor in 0.00 ms.
Invoked RoslynAnalysisRunner static constructor.
RoslynAnalysisRunner will not be running.
RoslynAnalysisRunner has terminated.
Mono: successfully reloaded assembly
- Completed reload, in  0.752 seconds
Platform modules already initialized, skipping
Shader 'Universal Render Pipeline/Particles/Lit': fallback shader 'Universal Render Pipeline/Particles/SimpleLit' not found
Shader 'Universal Render Pipeline/Particles/Lit': fallback shader 'Universal Render Pipeline/Particles/SimpleLit' not found
Refreshing native plugins compatible for Editor in 0.48 ms, found 0 plugins.
Preloading 0 native plugins for Editor in 0.00 ms.
Unloading 2639 Unused Serialized files (Serialized files now loaded: 0)
System memory in use before: 124.6 MB.
System memory in use after: 122.5 MB.

Unloading 40 unused Assets to reduce memory usage. Loaded Objects now: 3217.
Total: 3.463300 ms (FindLiveObjects: 0.303100 ms CreateObjectMapping: 0.079000 ms MarkObjects: 1.765700 ms  DeleteObjects: 1.314200 ms)

========================================================================
Received Prepare
Registering precompiled user dll's ...
Registered in 0.001358 seconds.
Begin MonoManager ReloadAssembly
Native extension for WindowsStandalone target not found
Native extension for WebGL target not found
Refreshing native plugins compatible for Editor in 0.51 ms, found 0 plugins.
Preloading 0 native plugins for Editor in 0.00 ms.
Invoked RoslynAnalysisRunner static constructor.
RoslynAnalysisRunner will not be running.
RoslynAnalysisRunner has terminated.
Mono: successfully reloaded assembly
- Completed reload, in  0.775 seconds
Platform modules already initialized, skipping
Shader 'Universal Render Pipeline/Particles/Lit': fallback shader 'Universal Render Pipeline/Particles/SimpleLit' not found
Shader 'Universal Render Pipeline/Particles/Lit': fallback shader 'Universal Render Pipeline/Particles/SimpleLit' not found
Refreshing native plugins compatible for Editor in 0.51 ms, found 0 plugins.
Preloading 0 native plugins for Editor in 0.00 ms.
Unloading 2639 Unused Serialized files (Serialized files now loaded: 0)
System memory in use before: 124.6 MB.
System memory in use after: 122.5 MB.

Unloading 40 unused Assets to reduce memory usage. Loaded Objects now: 3220.
Total: 4.269300 ms (FindLiveObjects: 0.472400 ms CreateObjectMapping: 0.101000 ms MarkObjects: 2.163900 ms  DeleteObjects: 1.530500 ms)

========================================================================
Received Import Request.
  Time since last request: 160.748767 seconds.
  path: Packages/com.unity.inputsystem/InputSystem/Plugins/PlayerInput/DefaultInputActions.inputactions
  artifactKey: Guid(ca9f5fa95ffab41fb9a615ab714db018) Importer(815301076,1909f56bfc062723c751e8b465ee728b)
Start importing Packages/com.unity.inputsystem/InputSystem/Plugins/PlayerInput/DefaultInputActions.inputactions using Guid(ca9f5fa95ffab41fb9a615ab714db018) Importer(815301076,1909f56bfc062723c751e8b465ee728b)  -> (artifact id: '15a3b632a541fa5310c531e2c87b44d6') in 0.024906 seconds
  Import took 0.029117 seconds .

========================================================================
Received Import Request.
  Time since last request: 195.636953 seconds.
  path: Assets/Input/InputAction.inputactions
  artifactKey: Guid(a94f50d0f79714b4995df76622711150) Importer(815301076,1909f56bfc062723c751e8b465ee728b)
Start importing Assets/Input/InputAction.inputactions using Guid(a94f50d0f79714b4995df76622711150) Importer(815301076,1909f56bfc062723c751e8b465ee728b)  -> (artifact id: '6e9a931050ef2fcf2f929657b87a3ec5') in 0.009411 seconds
  Import took 0.013949 seconds .

========================================================================
Received Import Request.
  Time since last request: 6.232439 seconds.
  path: Assets/Input/InputActions.inputactions
  artifactKey: Guid(a94f50d0f79714b4995df76622711150) Importer(815301076,1909f56bfc062723c751e8b465ee728b)
Start importing Assets/Input/InputActions.inputactions using Guid(a94f50d0f79714b4995df76622711150) Importer(815301076,1909f56bfc062723c751e8b465ee728b)  -> (artifact id: '4d3cb49673d4c30921539b5f5085558d') in 0.009300 seconds
  Import took 0.013461 seconds .

========================================================================
Received Prepare
Registering precompiled user dll's ...
Registered in 0.001695 seconds.
Begin MonoManager ReloadAssembly
Native extension for WindowsStandalone target not found
Native extension for WebGL target not found
Refreshing native plugins compatible for Editor in 0.48 ms, found 0 plugins.
Preloading 0 native plugins for Editor in 0.00 ms.
Invoked RoslynAnalysisRunner static constructor.
RoslynAnalysisRunner will not be running.
RoslynAnalysisRunner has terminated.
Mono: successfully reloaded assembly
- Completed reload, in  0.788 seconds
Platform modules already initialized, skipping
Shader 'Universal Render Pipeline/Particles/Lit': fallback shader 'Universal Render Pipeline/Particles/SimpleLit' not found
Shader 'Universal Render Pipeline/Particles/Lit': fallback shader 'Universal Render Pipeline/Particles/SimpleLit' not found
Refreshing native plugins compatible for Editor in 0.49 ms, found 0 plugins.
Preloading 0 native plugins for Editor in 0.00 ms.
Unloading 2639 Unused Serialized files (Serialized files now loaded: 0)
System memory in use before: 124.7 MB.
System memory in use after: 122.5 MB.

Unloading 40 unused Assets to reduce memory usage. Loaded Objects now: 3223.
Total: 3.708500 ms (FindLiveObjects: 0.331100 ms CreateObjectMapping: 0.075000 ms MarkObjects: 1.921000 ms  DeleteObjects: 1.380200 ms)

========================================================================
Received Prepare
Registering precompiled user dll's ...
Registered in 0.001255 seconds.
Begin MonoManager ReloadAssembly
Native extension for WindowsStandalone target not found
Native extension for WebGL target not found
Refreshing native plugins compatible for Editor in 0.53 ms, found 0 plugins.
Preloading 0 native plugins for Editor in 0.00 ms.
Invoked RoslynAnalysisRunner static constructor.
RoslynAnalysisRunner will not be running.
RoslynAnalysisRunner has terminated.
Mono: successfully reloaded assembly
- Completed reload, in  0.764 seconds
Platform modules already initialized, skipping
Shader 'Universal Render Pipeline/Particles/Lit': fallback shader 'Universal Render Pipeline/Particles/SimpleLit' not found
Shader 'Universal Render Pipeline/Particles/Lit': fallback shader 'Universal Render Pipeline/Particles/SimpleLit' not found
Refreshing native plugins compatible for Editor in 0.47 ms, found 0 plugins.
Preloading 0 native plugins for Editor in 0.00 ms.
Unloading 2639 Unused Serialized files (Serialized files now loaded: 0)
System memory in use before: 124.6 MB.
System memory in use after: 122.4 MB.

Unloading 40 unused Assets to reduce memory usage. Loaded Objects now: 3226.
Total: 3.585500 ms (FindLiveObjects: 0.309800 ms CreateObjectMapping: 0.082100 ms MarkObjects: 1.773800 ms  DeleteObjects: 1.418900 ms)

========================================================================
Received Import Request.
  Time since last request: 149.167490 seconds.
  path: Assets/Scripts/PlayerController.cs
  artifactKey: Guid(02dbce73ef7bb994bbc9f4e6868e2fc5) Importer(815301076,1909f56bfc062723c751e8b465ee728b)
Start importing Assets/Scripts/PlayerController.cs using Guid(02dbce73ef7bb994bbc9f4e6868e2fc5) Importer(815301076,1909f56bfc062723c751e8b465ee728b)  -> (artifact id: '996547faa10fa8a79ceff3742cdc08a5') in 0.006002 seconds
  Import took 0.009762 seconds .

========================================================================
Received Prepare
Registering precompiled user dll's ...
Registered in 0.001198 seconds.
Begin MonoManager ReloadAssembly
Native extension for WindowsStandalone target not found
Native extension for WebGL target not found
Refreshing native plugins compatible for Editor in 0.48 ms, found 0 plugins.
Preloading 0 native plugins for Editor in 0.00 ms.
Invoked RoslynAnalysisRunner static constructor.
RoslynAnalysisRunner will not be running.
RoslynAnalysisRunner has terminated.
Mono: successfully reloaded assembly
- Completed reload, in  0.760 seconds
Platform modules already initialized, skipping
Shader 'Universal Render Pipeline/Particles/Lit': fallback shader 'Universal Render Pipeline/Particles/SimpleLit' not found
Shader 'Universal Render Pipeline/Particles/Lit': fallback shader 'Universal Render Pipeline/Particles/SimpleLit' not found
Refreshing native plugins compatible for Editor in 0.52 ms, found 0 plugins.
Preloading 0 native plugins for Editor in 0.00 ms.
Unloading 2640 Unused Serialized files (Serialized files now loaded: 0)
System memory in use before: 124.7 MB.
System memory in use after: 122.5 MB.

Unloading 40 unused Assets to reduce memory usage. Loaded Objects now: 3230.
Total: 4.117000 ms (FindLiveObjects: 0.443500 ms CreateObjectMapping: 0.089700 ms MarkObjects: 2.199900 ms  DeleteObjects: 1.382800 ms)

========================================================================
Received Prepare
Registering precompiled user dll's ...
Registered in 0.001275 seconds.
Begin MonoManager ReloadAssembly
Native extension for WindowsStandalone target not found
Native extension for WebGL target not found
Refreshing native plugins compatible for Editor in 0.49 ms, found 0 plugins.
Preloading 0 native plugins for Editor in 0.00 ms.
Invoked RoslynAnalysisRunner static constructor.
RoslynAnalysisRunner will not be running.
RoslynAnalysisRunner has terminated.
Mono: successfully reloaded assembly
- Completed reload, in  0.757 seconds
Platform modules already initialized, skipping
Shader 'Universal Render Pipeline/Particles/Lit': fallback shader 'Universal Render Pipeline/Particles/SimpleLit' not found
Shader 'Universal Render Pipeline/Particles/Lit': fallback shader 'Universal Render Pipeline/Particles/SimpleLit' not found
Refreshing native plugins compatible for Editor in 0.50 ms, found 0 plugins.
Preloading 0 native plugins for Editor in 0.00 ms.
Unloading 2640 Unused Serialized files (Serialized files now loaded: 0)
System memory in use before: 124.7 MB.
System memory in use after: 122.5 MB.

Unloading 40 unused Assets to reduce memory usage. Loaded Objects now: 3233.
Total: 3.779100 ms (FindLiveObjects: 0.346400 ms CreateObjectMapping: 0.078800 ms MarkObjects: 1.986500 ms  DeleteObjects: 1.366400 ms)

========================================================================
Received Import Request.
  Time since last request: 156.279901 seconds.
  path: Assets/Scripts/CameraController.cs
  artifactKey: Guid(5593ec14a419c4149bda1334e4cdff8e) Importer(815301076,1909f56bfc062723c751e8b465ee728b)
Start importing Assets/Scripts/CameraController.cs using Guid(5593ec14a419c4149bda1334e4cdff8e) Importer(815301076,1909f56bfc062723c751e8b465ee728b)  -> (artifact id: '8b64735d52c5d85a8000b3fc8014365d') in 0.009813 seconds
  Import took 0.013884 seconds .

========================================================================
Received Prepare
Registering precompiled user dll's ...
Registered in 0.001341 seconds.
Begin MonoManager ReloadAssembly
Native extension for WindowsStandalone target not found
Native extension for WebGL target not found
Refreshing native plugins compatible for Editor in 0.49 ms, found 0 plugins.
Preloading 0 native plugins for Editor in 0.00 ms.
Invoked RoslynAnalysisRunner static constructor.
RoslynAnalysisRunner will not be running.
RoslynAnalysisRunner has terminated.
Mono: successfully reloaded assembly
- Completed reload, in  0.750 seconds
Platform modules already initialized, skipping
Shader 'Universal Render Pipeline/Particles/Lit': fallback shader 'Universal Render Pipeline/Particles/SimpleLit' not found
Shader 'Universal Render Pipeline/Particles/Lit': fallback shader 'Universal Render Pipeline/Particles/SimpleLit' not found
Refreshing native plugins compatible for Editor in 0.51 ms, found 0 plugins.
Preloading 0 native plugins for Editor in 0.00 ms.
Unloading 2640 Unused Serialized files (Serialized files now loaded: 0)
System memory in use before: 124.7 MB.
System memory in use after: 122.5 MB.

Unloading 40 unused Assets to reduce memory usage. Loaded Objects now: 3236.
Total: 3.498900 ms (FindLiveObjects: 0.309100 ms CreateObjectMapping: 0.075200 ms MarkObjects: 1.755800 ms  DeleteObjects: 1.357900 ms)

========================================================================
Received Import Request.
  Time since last request: 130.501936 seconds.
  path: Assets/Scripts/CameraController.cs
  artifactKey: Guid(5593ec14a419c4149bda1334e4cdff8e) Importer(815301076,1909f56bfc062723c751e8b465ee728b)
Start importing Assets/Scripts/CameraController.cs using Guid(5593ec14a419c4149bda1334e4cdff8e) Importer(815301076,1909f56bfc062723c751e8b465ee728b)  -> (artifact id: 'bd092e9b9f84b0bc798b59d14df40942') in 0.005829 seconds
  Import took 0.009634 seconds .

========================================================================
Received Import Request.
  Time since last request: 1.565506 seconds.
  path: Assets/Scripts/CameraController.cs
  artifactKey: Guid(5593ec14a419c4149bda1334e4cdff8e) Importer(815301076,1909f56bfc062723c751e8b465ee728b)
Start importing Assets/Scripts/CameraController.cs using Guid(5593ec14a419c4149bda1334e4cdff8e) Importer(815301076,1909f56bfc062723c751e8b465ee728b)  -> (artifact id: 'bd092e9b9f84b0bc798b59d14df40942') in 0.002539 seconds
  Import took 0.006152 seconds .

========================================================================
Received Prepare
Registering precompiled user dll's ...
Registered in 0.001290 seconds.
Begin MonoManager ReloadAssembly
Native extension for WindowsStandalone target not found
Native extension for WebGL target not found
Refreshing native plugins compatible for Editor in 0.51 ms, found 0 plugins.
Preloading 0 native plugins for Editor in 0.00 ms.
Invoked RoslynAnalysisRunner static constructor.
RoslynAnalysisRunner will not be running.
RoslynAnalysisRunner has terminated.
Mono: successfully reloaded assembly
- Completed reload, in  0.731 seconds
Platform modules already initialized, skipping
Shader 'Universal Render Pipeline/Particles/Lit': fallback shader 'Universal Render Pipeline/Particles/SimpleLit' not found
Shader 'Universal Render Pipeline/Particles/Lit': fallback shader 'Universal Render Pipeline/Particles/SimpleLit' not found
Refreshing native plugins compatible for Editor in 0.51 ms, found 0 plugins.
Preloading 0 native plugins for Editor in 0.00 ms.
Unloading 2640 Unused Serialized files (Serialized files now loaded: 0)
System memory in use before: 124.7 MB.
System memory in use after: 122.5 MB.

Unloading 40 unused Assets to reduce memory usage. Loaded Objects now: 3239.
Total: 4.935400 ms (FindLiveObjects: 0.553700 ms CreateObjectMapping: 0.092400 ms MarkObjects: 2.634800 ms  DeleteObjects: 1.652400 ms)

========================================================================
Received Prepare
Registering precompiled user dll's ...
Registered in 0.001345 seconds.
Begin MonoManager ReloadAssembly
Native extension for WindowsStandalone target not found
Native extension for WebGL target not found
Refreshing native plugins compatible for Editor in 0.71 ms, found 0 plugins.
Preloading 0 native plugins for Editor in 0.00 ms.
Invoked RoslynAnalysisRunner static constructor.
RoslynAnalysisRunner will not be running.
RoslynAnalysisRunner has terminated.
Mono: successfully reloaded assembly
- Completed reload, in  0.834 seconds
Platform modules already initialized, skipping
Shader 'Universal Render Pipeline/Particles/Lit': fallback shader 'Universal Render Pipeline/Particles/SimpleLit' not found
Shader 'Universal Render Pipeline/Particles/Lit': fallback shader 'Universal Render Pipeline/Particles/SimpleLit' not found
Refreshing native plugins compatible for Editor in 0.48 ms, found 0 plugins.
Preloading 0 native plugins for Editor in 0.00 ms.
Unloading 2640 Unused Serialized files (Serialized files now loaded: 0)
System memory in use before: 124.7 MB.
System memory in use after: 122.5 MB.

Unloading 40 unused Assets to reduce memory usage. Loaded Objects now: 3242.
Total: 3.501500 ms (FindLiveObjects: 0.387000 ms CreateObjectMapping: 0.075000 ms MarkObjects: 1.701300 ms  DeleteObjects: 1.337100 ms)

========================================================================
Received Import Request.
  Time since last request: 167.969487 seconds.
  path: Assets/Materials/Walls.mat
  artifactKey: Guid(99e6fa1f6a4fd044c99a6c5ff81b34bb) Importer(815301076,1909f56bfc062723c751e8b465ee728b)
Start importing Assets/Materials/Walls.mat using Guid(99e6fa1f6a4fd044c99a6c5ff81b34bb) Importer(815301076,1909f56bfc062723c751e8b465ee728b)  -> (artifact id: '8e38f397c2b927cf6f4fecbf4d037492') in 0.145101 seconds
  Import took 0.149403 seconds .

========================================================================
Received Prepare
Registering precompiled user dll's ...
Registered in 0.001331 seconds.
Begin MonoManager ReloadAssembly
Native extension for WindowsStandalone target not found
Native extension for WebGL target not found
Refreshing native plugins compatible for Editor in 0.52 ms, found 0 plugins.
Preloading 0 native plugins for Editor in 0.00 ms.
Invoked RoslynAnalysisRunner static constructor.
RoslynAnalysisRunner will not be running.
RoslynAnalysisRunner has terminated.
Mono: successfully reloaded assembly
- Completed reload, in  0.740 seconds
Platform modules already initialized, skipping
Shader 'Universal Render Pipeline/Particles/Lit': fallback shader 'Universal Render Pipeline/Particles/SimpleLit' not found
Shader 'Universal Render Pipeline/Particles/Lit': fallback shader 'Universal Render Pipeline/Particles/SimpleLit' not found
Refreshing native plugins compatible for Editor in 0.49 ms, found 0 plugins.
Preloading 0 native plugins for Editor in 0.00 ms.
Unloading 2640 Unused Serialized files (Serialized files now loaded: 0)
System memory in use before: 124.9 MB.
System memory in use after: 122.7 MB.

Unloading 40 unused Assets to reduce memory usage. Loaded Objects now: 3281.
Total: 3.905700 ms (FindLiveObjects: 0.408900 ms CreateObjectMapping: 0.075500 ms MarkObjects: 2.025800 ms  DeleteObjects: 1.394400 ms)

========================================================================
Received Import Request.
  Time since last request: 221.452718 seconds.
  path: Assets/Materials/Walls.mat
  artifactKey: Guid(99e6fa1f6a4fd044c99a6c5ff81b34bb) Importer(815301076,1909f56bfc062723c751e8b465ee728b)
Start importing Assets/Materials/Walls.mat using Guid(99e6fa1f6a4fd044c99a6c5ff81b34bb) Importer(815301076,1909f56bfc062723c751e8b465ee728b)  -> (artifact id: 'c7a346183e413d39769867fa53ea2228') in 0.135129 seconds
  Import took 0.139468 seconds .

========================================================================
Received Prepare
Registering precompiled user dll's ...
Registered in 0.001338 seconds.
Begin MonoManager ReloadAssembly
Native extension for WindowsStandalone target not found
Native extension for WebGL target not found
Refreshing native plugins compatible for Editor in 0.52 ms, found 0 plugins.
Preloading 0 native plugins for Editor in 0.00 ms.
Invoked RoslynAnalysisRunner static constructor.
RoslynAnalysisRunner will not be running.
RoslynAnalysisRunner has terminated.
Mono: successfully reloaded assembly
- Completed reload, in  0.751 seconds
Platform modules already initialized, skipping
Shader 'Universal Render Pipeline/Particles/Lit': fallback shader 'Universal Render Pipeline/Particles/SimpleLit' not found
Shader 'Universal Render Pipeline/Particles/Lit': fallback shader 'Universal Render Pipeline/Particles/SimpleLit' not found
Refreshing native plugins compatible for Editor in 0.48 ms, found 0 plugins.
Preloading 0 native plugins for Editor in 0.00 ms.
Unloading 2641 Unused Serialized files (Serialized files now loaded: 0)
System memory in use before: 125.1 MB.
System memory in use after: 122.9 MB.

Unloading 40 unused Assets to reduce memory usage. Loaded Objects now: 3321.
Total: 3.589200 ms (FindLiveObjects: 0.349400 ms CreateObjectMapping: 0.076900 ms MarkObjects: 1.808700 ms  DeleteObjects: 1.353400 ms)

========================================================================
Received Prepare
Registering precompiled user dll's ...
Registered in 0.001248 seconds.
Begin MonoManager ReloadAssembly
Native extension for WindowsStandalone target not found
Native extension for WebGL target not found
Refreshing native plugins compatible for Editor in 0.49 ms, found 0 plugins.
Preloading 0 native plugins for Editor in 0.00 ms.
Invoked RoslynAnalysisRunner static constructor.
RoslynAnalysisRunner will not be running.
RoslynAnalysisRunner has terminated.
Mono: successfully reloaded assembly
- Completed reload, in  0.764 seconds
Platform modules already initialized, skipping
Shader 'Universal Render Pipeline/Particles/Lit': fallback shader 'Universal Render Pipeline/Particles/SimpleLit' not found
Shader 'Universal Render Pipeline/Particles/Lit': fallback shader 'Universal Render Pipeline/Particles/SimpleLit' not found
Refreshing native plugins compatible for Editor in 0.48 ms, found 0 plugins.
Preloading 0 native plugins for Editor in 0.00 ms.
Unloading 2641 Unused Serialized files (Serialized files now loaded: 0)
System memory in use before: 125.1 MB.
System memory in use after: 123.0 MB.

Unloading 40 unused Assets to reduce memory usage. Loaded Objects now: 3324.
Total: 3.625800 ms (FindLiveObjects: 0.384100 ms CreateObjectMapping: 0.077100 ms MarkObjects: 1.794700 ms  DeleteObjects: 1.368900 ms)

========================================================================
Received Import Request.
  Time since last request: 109.336371 seconds.
  path: Assets/Scripts/Rotator.cs
  artifactKey: Guid(2f8e947a7195db5478e04c675b196d08) Importer(815301076,1909f56bfc062723c751e8b465ee728b)
Start importing Assets/Scripts/Rotator.cs using Guid(2f8e947a7195db5478e04c675b196d08) Importer(815301076,1909f56bfc062723c751e8b465ee728b)  -> (artifact id: '9a8b06003197578e1210ab44622226bd') in 0.009462 seconds
  Import took 0.013367 seconds .

========================================================================
Received Prepare
Registering precompiled user dll's ...
Registered in 0.001230 seconds.
Begin MonoManager ReloadAssembly
Native extension for WindowsStandalone target not found
Native extension for WebGL target not found
Refreshing native plugins compatible for Editor in 0.51 ms, found 0 plugins.
Preloading 0 native plugins for Editor in 0.00 ms.
Invoked RoslynAnalysisRunner static constructor.
RoslynAnalysisRunner will not be running.
RoslynAnalysisRunner has terminated.
Mono: successfully reloaded assembly
- Completed reload, in  0.777 seconds
Platform modules already initialized, skipping
Shader 'Universal Render Pipeline/Particles/Lit': fallback shader 'Universal Render Pipeline/Particles/SimpleLit' not found
Shader 'Universal Render Pipeline/Particles/Lit': fallback shader 'Universal Render Pipeline/Particles/SimpleLit' not found
Refreshing native plugins compatible for Editor in 0.52 ms, found 0 plugins.
Preloading 0 native plugins for Editor in 0.00 ms.
Unloading 2641 Unused Serialized files (Serialized files now loaded: 0)
System memory in use before: 125.2 MB.
System memory in use after: 123.0 MB.

Unloading 40 unused Assets to reduce memory usage. Loaded Objects now: 3327.
Total: 3.657000 ms (FindLiveObjects: 0.364500 ms CreateObjectMapping: 0.075300 ms MarkObjects: 1.847700 ms  DeleteObjects: 1.368500 ms)

========================================================================
Received Import Request.
  Time since last request: 95.670739 seconds.
  path: Assets/Scripts/Rotator.cs
  artifactKey: Guid(2f8e947a7195db5478e04c675b196d08) Importer(815301076,1909f56bfc062723c751e8b465ee728b)
Start importing Assets/Scripts/Rotator.cs using Guid(2f8e947a7195db5478e04c675b196d08) Importer(815301076,1909f56bfc062723c751e8b465ee728b)  -> (artifact id: '2f38f4173ce5bc28d58639a7034513e9') in 0.006410 seconds
  Import took 0.010258 seconds .

========================================================================
Received Prepare
Registering precompiled user dll's ...
Registered in 0.001289 seconds.
Begin MonoManager ReloadAssembly
Native extension for WindowsStandalone target not found
Native extension for WebGL target not found
Refreshing native plugins compatible for Editor in 0.49 ms, found 0 plugins.
Preloading 0 native plugins for Editor in 0.00 ms.
Invoked RoslynAnalysisRunner static constructor.
RoslynAnalysisRunner will not be running.
RoslynAnalysisRunner has terminated.
Mono: successfully reloaded assembly
- Completed reload, in  0.761 seconds
Platform modules already initialized, skipping
Shader 'Universal Render Pipeline/Particles/Lit': fallback shader 'Universal Render Pipeline/Particles/SimpleLit' not found
Shader 'Universal Render Pipeline/Particles/Lit': fallback shader 'Universal Render Pipeline/Particles/SimpleLit' not found
Refreshing native plugins compatible for Editor in 0.51 ms, found 0 plugins.
Preloading 0 native plugins for Editor in 0.00 ms.
Unloading 2641 Unused Serialized files (Serialized files now loaded: 0)
System memory in use before: 125.2 MB.
System memory in use after: 123.0 MB.

Unloading 40 unused Assets to reduce memory usage. Loaded Objects now: 3330.
Total: 3.848100 ms (FindLiveObjects: 0.343300 ms CreateObjectMapping: 0.073900 ms MarkObjects: 2.051300 ms  DeleteObjects: 1.378700 ms)

========================================================================
Received Import Request.
  Time since last request: 63.811270 seconds.
  path: Assets/Prefabs
  artifactKey: Guid(b6af9c51f807b23448d3de94806f5d87) Importer(815301076,1909f56bfc062723c751e8b465ee728b)
Start importing Assets/Prefabs using Guid(b6af9c51f807b23448d3de94806f5d87) Importer(815301076,1909f56bfc062723c751e8b465ee728b)  -> (artifact id: 'ee9d69a4f2f4dc0e6014b793f2c922fc') in 0.010786 seconds
  Import took 0.015133 seconds .

========================================================================
Received Import Request.
  Time since last request: 4.149783 seconds.
  path: Assets/Prefabs/PickUp.prefab
  artifactKey: Guid(23ca59a5a8dffba4e9bba29b52718885) Importer(815301076,1909f56bfc062723c751e8b465ee728b)
Start importing Assets/Prefabs/PickUp.prefab using Guid(23ca59a5a8dffba4e9bba29b52718885) Importer(815301076,1909f56bfc062723c751e8b465ee728b)  -> (artifact id: 'a2704e365fe8c9e81d204119646433fc') in 0.137609 seconds
  Import took 0.142328 seconds .

========================================================================
Received Import Request.
  Time since last request: 439.070041 seconds.
  path: Assets/Scripts/PlayerController.cs
  artifactKey: Guid(02dbce73ef7bb994bbc9f4e6868e2fc5) Importer(815301076,1909f56bfc062723c751e8b465ee728b)
Start importing Assets/Scripts/PlayerController.cs using Guid(02dbce73ef7bb994bbc9f4e6868e2fc5) Importer(815301076,1909f56bfc062723c751e8b465ee728b)  -> (artifact id: 'ef84699cd5353175562c317341debf1b') in 0.003014 seconds
  Import took 0.007367 seconds .

========================================================================
Received Import Request.
  Time since last request: 9.041695 seconds.
  path: ProjectSettings/TagManager.asset
  artifactKey: Guid(00000000000000003000000000000000) Importer(815301076,1909f56bfc062723c751e8b465ee728b)
Start importing ProjectSettings/TagManager.asset using Guid(00000000000000003000000000000000) Importer(815301076,1909f56bfc062723c751e8b465ee728b)  -> (artifact id: 'cd7914887f8fad12056f59b06628a58d') in 0.008614 seconds
  Import took 0.012890 seconds .

========================================================================
Received Import Request.
  Time since last request: 0.000503 seconds.
  path: ProjectSettings/TagManager.asset
  artifactKey: Guid(00000000000000003000000000000000) Importer(815301076,1909f56bfc062723c751e8b465ee728b)
Start importing ProjectSettings/TagManager.asset using Guid(00000000000000003000000000000000) Importer(815301076,1909f56bfc062723c751e8b465ee728b)  -> (artifact id: 'cd7914887f8fad12056f59b06628a58d') in 0.024011 seconds
  Import took 0.027956 seconds .

========================================================================
Received Prepare
Registering precompiled user dll's ...
Registered in 0.001215 seconds.
Begin MonoManager ReloadAssembly
Native extension for WindowsStandalone target not found
Native extension for WebGL target not found
Refreshing native plugins compatible for Editor in 0.50 ms, found 0 plugins.
Preloading 0 native plugins for Editor in 0.00 ms.
Invoked RoslynAnalysisRunner static constructor.
RoslynAnalysisRunner will not be running.
RoslynAnalysisRunner has terminated.
Mono: successfully reloaded assembly
- Completed reload, in  0.724 seconds
Platform modules already initialized, skipping
Shader 'Universal Render Pipeline/Particles/Lit': fallback shader 'Universal Render Pipeline/Particles/SimpleLit' not found
Shader 'Universal Render Pipeline/Particles/Lit': fallback shader 'Universal Render Pipeline/Particles/SimpleLit' not found
Refreshing native plugins compatible for Editor in 0.52 ms, found 0 plugins.
Preloading 0 native plugins for Editor in 0.00 ms.
Unloading 2641 Unused Serialized files (Serialized files now loaded: 0)
System memory in use before: 125.3 MB.
System memory in use after: 123.1 MB.

Unloading 42 unused Assets to reduce memory usage. Loaded Objects now: 3370.
Total: 3.617400 ms (FindLiveObjects: 0.316000 ms CreateObjectMapping: 0.075400 ms MarkObjects: 1.840500 ms  DeleteObjects: 1.384600 ms)

========================================================================
Received Prepare
Registering precompiled user dll's ...
Registered in 0.001623 seconds.
Begin MonoManager ReloadAssembly
Native extension for WindowsStandalone target not found
Native extension for WebGL target not found
Refreshing native plugins compatible for Editor in 0.52 ms, found 0 plugins.
Preloading 0 native plugins for Editor in 0.00 ms.
Invoked RoslynAnalysisRunner static constructor.
RoslynAnalysisRunner will not be running.
RoslynAnalysisRunner has terminated.
Mono: successfully reloaded assembly
- Completed reload, in  0.749 seconds
Platform modules already initialized, skipping
Shader 'Universal Render Pipeline/Particles/Lit': fallback shader 'Universal Render Pipeline/Particles/SimpleLit' not found
Shader 'Universal Render Pipeline/Particles/Lit': fallback shader 'Universal Render Pipeline/Particles/SimpleLit' not found
Refreshing native plugins compatible for Editor in 0.48 ms, found 0 plugins.
Preloading 0 native plugins for Editor in 0.00 ms.
Unloading 2641 Unused Serialized files (Serialized files now loaded: 0)
System memory in use before: 125.3 MB.
System memory in use after: 123.1 MB.

Unloading 40 unused Assets to reduce memory usage. Loaded Objects now: 3373.
Total: 3.631100 ms (FindLiveObjects: 0.391200 ms CreateObjectMapping: 0.076400 ms MarkObjects: 1.804900 ms  DeleteObjects: 1.356900 ms)

========================================================================
Received Import Request.
  Time since last request: 207.058652 seconds.
  path: Assets/Prefabs/PickUp.prefab
  artifactKey: Guid(23ca59a5a8dffba4e9bba29b52718885) Importer(815301076,1909f56bfc062723c751e8b465ee728b)
Start importing Assets/Prefabs/PickUp.prefab using Guid(23ca59a5a8dffba4e9bba29b52718885) Importer(815301076,1909f56bfc062723c751e8b465ee728b)  -> (artifact id: '95702a8b81d857bb852598d53d381abf') in 0.136220 seconds
  Import took 0.140601 seconds .

========================================================================
Received Import Request.
  Time since last request: 5.206083 seconds.
  path: Assets/Prefabs/PickUp.prefab
  artifactKey: Guid(23ca59a5a8dffba4e9bba29b52718885) Importer(815301076,1909f56bfc062723c751e8b465ee728b)
Start importing Assets/Prefabs/PickUp.prefab using Guid(23ca59a5a8dffba4e9bba29b52718885) Importer(815301076,1909f56bfc062723c751e8b465ee728b)  -> (artifact id: '0b737cab622d9ef82eb5dd056cfac65e') in 0.008542 seconds
  Import took 0.012703 seconds .

========================================================================
Received Prepare
Registering precompiled user dll's ...
Registered in 0.001458 seconds.
Begin MonoManager ReloadAssembly
Native extension for WindowsStandalone target not found
Native extension for WebGL target not found
Refreshing native plugins compatible for Editor in 0.48 ms, found 0 plugins.
Preloading 0 native plugins for Editor in 0.00 ms.
Invoked RoslynAnalysisRunner static constructor.
RoslynAnalysisRunner will not be running.
RoslynAnalysisRunner has terminated.
Mono: successfully reloaded assembly
- Completed reload, in  0.778 seconds
Platform modules already initialized, skipping
Shader 'Universal Render Pipeline/Particles/Lit': fallback shader 'Universal Render Pipeline/Particles/SimpleLit' not found
Shader 'Universal Render Pipeline/Particles/Lit': fallback shader 'Universal Render Pipeline/Particles/SimpleLit' not found
Refreshing native plugins compatible for Editor in 0.54 ms, found 0 plugins.
Preloading 0 native plugins for Editor in 0.00 ms.
Unloading 2641 Unused Serialized files (Serialized files now loaded: 0)
System memory in use before: 125.4 MB.
System memory in use after: 123.2 MB.

Unloading 40 unused Assets to reduce memory usage. Loaded Objects now: 3412.
Total: 4.131100 ms (FindLiveObjects: 0.426500 ms CreateObjectMapping: 0.078300 ms MarkObjects: 2.202000 ms  DeleteObjects: 1.423100 ms)

========================================================================
Received Import Request.
  Time since last request: 59.534965 seconds.
  path: Assets/Prefabs/PickUp.prefab
  artifactKey: Guid(23ca59a5a8dffba4e9bba29b52718885) Importer(815301076,1909f56bfc062723c751e8b465ee728b)
Start importing Assets/Prefabs/PickUp.prefab using Guid(23ca59a5a8dffba4e9bba29b52718885) Importer(815301076,1909f56bfc062723c751e8b465ee728b)  -> (artifact id: '8e83c23cb7875aced9cb0b9503de7e75') in 0.128848 seconds
  Import took 0.133448 seconds .

========================================================================
Received Import Request.
  Time since last request: 12.225973 seconds.
  path: Assets/Prefabs/PickUp.prefab
  artifactKey: Guid(23ca59a5a8dffba4e9bba29b52718885) Importer(815301076,1909f56bfc062723c751e8b465ee728b)
Start importing Assets/Prefabs/PickUp.prefab using Guid(23ca59a5a8dffba4e9bba29b52718885) Importer(815301076,1909f56bfc062723c751e8b465ee728b)  -> (artifact id: '23df7f947c2e6d4217e9484208b6a270') in 0.008098 seconds
  Import took 0.012075 seconds .

========================================================================
Received Import Request.
  Time since last request: 12.495730 seconds.
  path: Assets/Prefabs/PickUp.prefab
  artifactKey: Guid(23ca59a5a8dffba4e9bba29b52718885) Importer(815301076,1909f56bfc062723c751e8b465ee728b)
Start importing Assets/Prefabs/PickUp.prefab using Guid(23ca59a5a8dffba4e9bba29b52718885) Importer(815301076,1909f56bfc062723c751e8b465ee728b)  -> (artifact id: 'e45a0f567e7cc583201d200ab63d4800') in 0.007942 seconds
  Import took 0.012133 seconds .

========================================================================
Received Prepare
Registering precompiled user dll's ...
Registered in 0.001231 seconds.
Begin MonoManager ReloadAssembly
Native extension for WindowsStandalone target not found
Native extension for WebGL target not found
Refreshing native plugins compatible for Editor in 0.57 ms, found 0 plugins.
Preloading 0 native plugins for Editor in 0.00 ms.
Invoked RoslynAnalysisRunner static constructor.
RoslynAnalysisRunner will not be running.
RoslynAnalysisRunner has terminated.
Mono: successfully reloaded assembly
- Completed reload, in  0.770 seconds
Platform modules already initialized, skipping
Shader 'Universal Render Pipeline/Particles/Lit': fallback shader 'Universal Render Pipeline/Particles/SimpleLit' not found
Shader 'Universal Render Pipeline/Particles/Lit': fallback shader 'Universal Render Pipeline/Particles/SimpleLit' not found
Refreshing native plugins compatible for Editor in 0.48 ms, found 0 plugins.
Preloading 0 native plugins for Editor in 0.00 ms.
Unloading 2641 Unused Serialized files (Serialized files now loaded: 0)
System memory in use before: 125.6 MB.
System memory in use after: 123.4 MB.

Unloading 40 unused Assets to reduce memory usage. Loaded Objects now: 3451.
Total: 3.934700 ms (FindLiveObjects: 0.354800 ms CreateObjectMapping: 0.090600 ms MarkObjects: 2.094500 ms  DeleteObjects: 1.393700 ms)

========================================================================
Received Prepare
Registering precompiled user dll's ...
Registered in 0.001260 seconds.
Begin MonoManager ReloadAssembly
Native extension for WindowsStandalone target not found
Native extension for WebGL target not found
Refreshing native plugins compatible for Editor in 0.49 ms, found 0 plugins.
Preloading 0 native plugins for Editor in 0.00 ms.
Invoked RoslynAnalysisRunner static constructor.
RoslynAnalysisRunner will not be running.
RoslynAnalysisRunner has terminated.
Mono: successfully reloaded assembly
- Completed reload, in  0.774 seconds
Platform modules already initialized, skipping
Shader 'Universal Render Pipeline/Particles/Lit': fallback shader 'Universal Render Pipeline/Particles/SimpleLit' not found
Shader 'Universal Render Pipeline/Particles/Lit': fallback shader 'Universal Render Pipeline/Particles/SimpleLit' not found
Refreshing native plugins compatible for Editor in 0.49 ms, found 0 plugins.
Preloading 0 native plugins for Editor in 0.00 ms.
Unloading 2641 Unused Serialized files (Serialized files now loaded: 0)
System memory in use before: 125.6 MB.
System memory in use after: 123.4 MB.

Unloading 40 unused Assets to reduce memory usage. Loaded Objects now: 3454.
Total: 3.765400 ms (FindLiveObjects: 0.374100 ms CreateObjectMapping: 0.077000 ms MarkObjects: 1.937600 ms  DeleteObjects: 1.375600 ms)

========================================================================
Received Prepare
Registering precompiled user dll's ...
Registered in 0.001257 seconds.
Begin MonoManager ReloadAssembly
Native extension for WindowsStandalone target not found
Native extension for WebGL target not found
Refreshing native plugins compatible for Editor in 0.50 ms, found 0 plugins.
Preloading 0 native plugins for Editor in 0.00 ms.
Invoked RoslynAnalysisRunner static constructor.
RoslynAnalysisRunner will not be running.
RoslynAnalysisRunner has terminated.
Mono: successfully reloaded assembly
- Completed reload, in  0.748 seconds
Platform modules already initialized, skipping
Shader 'Universal Render Pipeline/Particles/Lit': fallback shader 'Universal Render Pipeline/Particles/SimpleLit' not found
Shader 'Universal Render Pipeline/Particles/Lit': fallback shader 'Universal Render Pipeline/Particles/SimpleLit' not found
Refreshing native plugins compatible for Editor in 0.53 ms, found 0 plugins.
Preloading 0 native plugins for Editor in 0.00 ms.
Unloading 2654 Unused Serialized files (Serialized files now loaded: 0)
System memory in use before: 127.2 MB.
System memory in use after: 124.4 MB.

Unloading 53 unused Assets to reduce memory usage. Loaded Objects now: 3457.
Total: 4.212900 ms (FindLiveObjects: 0.493900 ms CreateObjectMapping: 0.086700 ms MarkObjects: 2.025400 ms  DeleteObjects: 1.606000 ms)

========================================================================
Received Prepare
Registering precompiled user dll's ...
Registered in 0.001212 seconds.
Begin MonoManager ReloadAssembly
Native extension for WindowsStandalone target not found
Native extension for WebGL target not found
Refreshing native plugins compatible for Editor in 0.51 ms, found 0 plugins.
Preloading 0 native plugins for Editor in 0.00 ms.
Invoked RoslynAnalysisRunner static constructor.
RoslynAnalysisRunner will not be running.
RoslynAnalysisRunner has terminated.
Mono: successfully reloaded assembly
- Completed reload, in  0.756 seconds
Platform modules already initialized, skipping
Shader 'Universal Render Pipeline/Particles/Lit': fallback shader 'Universal Render Pipeline/Particles/SimpleLit' not found
Shader 'Universal Render Pipeline/Particles/Lit': fallback shader 'Universal Render Pipeline/Particles/SimpleLit' not found
Refreshing native plugins compatible for Editor in 0.55 ms, found 0 plugins.
Preloading 0 native plugins for Editor in 0.00 ms.
Unloading 2654 Unused Serialized files (Serialized files now loaded: 0)
System memory in use before: 127.2 MB.
System memory in use after: 124.5 MB.

Unloading 53 unused Assets to reduce memory usage. Loaded Objects now: 3460.
Total: 4.102100 ms (FindLiveObjects: 0.396100 ms CreateObjectMapping: 0.078400 ms MarkObjects: 1.925700 ms  DeleteObjects: 1.700800 ms)

========================================================================
Received Prepare
Registering precompiled user dll's ...
Registered in 0.001218 seconds.
Begin MonoManager ReloadAssembly
Native extension for WindowsStandalone target not found
Native extension for WebGL target not found
Refreshing native plugins compatible for Editor in 0.50 ms, found 0 plugins.
Preloading 0 native plugins for Editor in 0.00 ms.
Invoked RoslynAnalysisRunner static constructor.
RoslynAnalysisRunner will not be running.
RoslynAnalysisRunner has terminated.
Mono: successfully reloaded assembly
- Completed reload, in  0.750 seconds
Platform modules already initialized, skipping
Shader 'Universal Render Pipeline/Particles/Lit': fallback shader 'Universal Render Pipeline/Particles/SimpleLit' not found
Shader 'Universal Render Pipeline/Particles/Lit': fallback shader 'Universal Render Pipeline/Particles/SimpleLit' not found
Refreshing native plugins compatible for Editor in 0.55 ms, found 0 plugins.
Preloading 0 native plugins for Editor in 0.00 ms.
Unloading 2654 Unused Serialized files (Serialized files now loaded: 0)
System memory in use before: 127.2 MB.
System memory in use after: 124.5 MB.

Unloading 53 unused Assets to reduce memory usage. Loaded Objects now: 3463.
Total: 4.009500 ms (FindLiveObjects: 0.386300 ms CreateObjectMapping: 0.076700 ms MarkObjects: 1.938100 ms  DeleteObjects: 1.607400 ms)

========================================================================
Received Prepare
Registering precompiled user dll's ...
Registered in 0.001158 seconds.
Begin MonoManager ReloadAssembly
Native extension for WindowsStandalone target not found
Native extension for WebGL target not found
Refreshing native plugins compatible for Editor in 0.60 ms, found 0 plugins.
Preloading 0 native plugins for Editor in 0.00 ms.
Invoked RoslynAnalysisRunner static constructor.
RoslynAnalysisRunner will not be running.
RoslynAnalysisRunner has terminated.
Mono: successfully reloaded assembly
- Completed reload, in  0.737 seconds
Platform modules already initialized, skipping
Shader 'Universal Render Pipeline/Particles/Lit': fallback shader 'Universal Render Pipeline/Particles/SimpleLit' not found
Shader 'Universal Render Pipeline/Particles/Lit': fallback shader 'Universal Render Pipeline/Particles/SimpleLit' not found
Refreshing native plugins compatible for Editor in 0.48 ms, found 0 plugins.
Preloading 0 native plugins for Editor in 0.00 ms.
Unloading 2654 Unused Serialized files (Serialized files now loaded: 0)
System memory in use before: 127.3 MB.
System memory in use after: 124.5 MB.

Unloading 53 unused Assets to reduce memory usage. Loaded Objects now: 3466.
Total: 4.553900 ms (FindLiveObjects: 0.404500 ms CreateObjectMapping: 0.080700 ms MarkObjects: 2.420800 ms  DeleteObjects: 1.646500 ms)

========================================================================
Received Prepare
Shader 'Universal Render Pipeline/Particles/Lit': fallback shader 'Universal Render Pipeline/Particles/SimpleLit' not found
Shader 'Universal Render Pipeline/Particles/Lit': fallback shader 'Universal Render Pipeline/Particles/SimpleLit' not found
Refreshing native plugins compatible for Editor in 1.12 ms, found 0 plugins.
Preloading 0 native plugins for Editor in 0.00 ms.
Unloading 51 Unused Serialized files (Serialized files now loaded: 0)
System memory in use before: 75.9 MB.
System memory in use after: 73.1 MB.

Unloading 51 unused Assets to reduce memory usage. Loaded Objects now: 3466.
Total: 4.432400 ms (FindLiveObjects: 0.422500 ms CreateObjectMapping: 0.078800 ms MarkObjects: 2.228900 ms  DeleteObjects: 1.701000 ms)

AssetImportWorkerClient::OnTransportError - code=2 error=End of file
