Using pre-set license
Built from '2020.3/release' branch; Version is '2020.3.1f1 (77a89f25062f) revision 7841951'; Using compiler version '192528614'; Build Type 'Release'
OS: 'Windows 10 Home; OS build 19041.867; Version 2004; 64bit' Language: 'en' Physical Memory: 16313 MB
BatchMode: 1, IsHumanControllingUs: 0, StartBugReporterOnCrash: 0, Is64bit: 1, IsPro: 0

 COMMAND LINE ARGUMENTS:
C:\Program Files\Unity\Editor\Unity.exe
-adb2
-batchMode
-noUpm
-name
AssetImportWorker0
-projectPath
C:/Users/jtspi/dir/cis/gameProg/GameProg_Assignment1/Rollaball
-logFile
Logs/AssetImportWorker0.log
-srvPort
53556
Successfully changed project path to: C:/Users/jtspi/dir/cis/gameProg/GameProg_Assignment1/Rollaball
C:/Users/jtspi/dir/cis/gameProg/GameProg_Assignment1/Rollaball
Using Asset Import Pipeline V2.
Refreshing native plugins compatible for Editor in 58.45 ms, found 0 plugins.
Preloading 0 native plugins for Editor in 0.00 ms.
Initialize engine version: 2020.3.1f1 (77a89f25062f)
[Subsystems] Discovering subsystems at path C:/Program Files/Unity/Editor/Data/Resources/UnitySubsystems
[Subsystems] Discovering subsystems at path C:/Users/jtspi/dir/cis/gameProg/GameProg_Assignment1/Rollaball/Assets
GfxDevice: creating device client; threaded=0
Direct3D:
    Version:  Direct3D 11.0 [level 11.1]
    Renderer: AMD Radeon RX 5700 XT (ID=0x731f)
    Vendor:   
    VRAM:     8152 MB
    Driver:   27.20.14501.28009
Initialize mono
Mono path[0] = 'C:/Program Files/Unity/Editor/Data/Managed'
Mono path[1] = 'C:/Program Files/Unity/Editor/Data/MonoBleedingEdge/lib/mono/unityjit'
Mono config path = 'C:/Program Files/Unity/Editor/Data/MonoBleedingEdge/etc'
Using monoOptions --debugger-agent=transport=dt_socket,embedding=1,server=y,suspend=n,address=127.0.0.1:56372
Begin MonoManager ReloadAssembly
Registering precompiled unity dll's ...
Register platform support module: C:/Program Files/Unity/Editor/Data/PlaybackEngines/WebGLSupport/UnityEditor.WebGL.Extensions.dll
Register platform support module: C:/Program Files/Unity/Editor/Data/PlaybackEngines/WindowsStandaloneSupport/UnityEditor.WindowsStandalone.Extensions.dll
Registered in 0.001991 seconds.
Native extension for WindowsStandalone target not found
Native extension for WebGL target not found
Refreshing native plugins compatible for Editor in 41.52 ms, found 0 plugins.
Preloading 0 native plugins for Editor in 0.00 ms.
Invoked RoslynAnalysisRunner static constructor.
RoslynAnalysisRunner will not be running.
RoslynAnalysisRunner has terminated.
Mono: successfully reloaded assembly
- Completed reload, in  1.002 seconds
Platform modules already initialized, skipping
Registering precompiled user dll's ...
Registered in 0.000956 seconds.
Begin MonoManager ReloadAssembly
Native extension for WindowsStandalone target not found
Native extension for WebGL target not found
Refreshing native plugins compatible for Editor in 37.33 ms, found 0 plugins.
Preloading 0 native plugins for Editor in 0.00 ms.
Invoked RoslynAnalysisRunner static constructor.
RoslynAnalysisRunner will not be running.
RoslynAnalysisRunner has terminated.
Mono: successfully reloaded assembly
- Completed reload, in  0.760 seconds
Platform modules already initialized, skipping
========================================================================
Worker process is ready to serve import requests
Shader 'Universal Render Pipeline/Particles/Lit': fallback shader 'Universal Render Pipeline/Particles/SimpleLit' not found
Shader 'Universal Render Pipeline/Particles/Lit': fallback shader 'Universal Render Pipeline/Particles/SimpleLit' not found
Launched and connected shader compiler UnityShaderCompiler.exe after 0.04 seconds
Refreshing native plugins compatible for Editor in 0.45 ms, found 0 plugins.
Preloading 0 native plugins for Editor in 0.00 ms.
Unloading 2416 Unused Serialized files (Serialized files now loaded: 0)
System memory in use before: 110.0 MB.
System memory in use after: 107.8 MB.

Unloading 46 unused Assets to reduce memory usage. Loaded Objects now: 2820.
Total: 3.081000 ms (FindLiveObjects: 0.352800 ms CreateObjectMapping: 0.106400 ms MarkObjects: 1.555100 ms  DeleteObjects: 1.065700 ms)

========================================================================
Received Import Request.
  path: Assets/Readme.asset
  artifactKey: Guid(83c2ed844a8c74b779a4c823d16594b1) Importer(815301076,1909f56bfc062723c751e8b465ee728b)
Start importing Assets/Readme.asset using Guid(83c2ed844a8c74b779a4c823d16594b1) Importer(815301076,1909f56bfc062723c751e8b465ee728b)  -> (artifact id: '5dcbb894266d2c9b152955f6bbad470d') in 0.034182 seconds
  Import took 0.037901 seconds .

========================================================================
Received Import Request.
  Time since last request: 119.788148 seconds.
  path: Assets
  artifactKey: Guid(00000000000000001000000000000000) Importer(815301076,1909f56bfc062723c751e8b465ee728b)
Start importing Assets using Guid(00000000000000001000000000000000) Importer(815301076,1909f56bfc062723c751e8b465ee728b)  -> (artifact id: 'a6374019befeac6ce670f13ba9960efb') in 0.006084 seconds
  Import took 0.010237 seconds .

========================================================================
Received Import Request.
  Time since last request: 0.002286 seconds.
  path: Assets
  artifactKey: Guid(00000000000000001000000000000000) Importer(815301076,1909f56bfc062723c751e8b465ee728b)
Start importing Assets using Guid(00000000000000001000000000000000) Importer(815301076,1909f56bfc062723c751e8b465ee728b)  -> (artifact id: 'a6374019befeac6ce670f13ba9960efb') in 0.002793 seconds
  Import took 0.006428 seconds .

========================================================================
Received Import Request.
  Time since last request: 9.228355 seconds.
  path: Assets/New Folder
  artifactKey: Guid(0f87fa6998e83a64f9d6d77f773abe06) Importer(815301076,1909f56bfc062723c751e8b465ee728b)
Start importing Assets/New Folder using Guid(0f87fa6998e83a64f9d6d77f773abe06) Importer(815301076,1909f56bfc062723c751e8b465ee728b)  -> (artifact id: '999ef9d28e453893d4a865c09014711c') in 0.006892 seconds
  Import took 0.010672 seconds .

========================================================================
Received Import Request.
  Time since last request: 4.526512 seconds.
  path: Assets/Templates
  artifactKey: Guid(0f87fa6998e83a64f9d6d77f773abe06) Importer(815301076,1909f56bfc062723c751e8b465ee728b)
Start importing Assets/Templates using Guid(0f87fa6998e83a64f9d6d77f773abe06) Importer(815301076,1909f56bfc062723c751e8b465ee728b)  -> (artifact id: 'a4aa1982481acd5e2effef3b9bf6a574') in 0.006372 seconds
  Import took 0.010364 seconds .

========================================================================
Received Import Request.
  Time since last request: 7.071889 seconds.
  path: Assets/Settings
  artifactKey: Guid(0735c275001a2c84dafdb30deced5d8d) Importer(815301076,1909f56bfc062723c751e8b465ee728b)
Start importing Assets/Settings using Guid(0735c275001a2c84dafdb30deced5d8d) Importer(815301076,1909f56bfc062723c751e8b465ee728b)  -> (artifact id: '9308cc7a074ad18ed3456a7b401062b7') in 0.006653 seconds
  Import took 0.010156 seconds .

========================================================================
Received Import Request.
  Time since last request: 1.742025 seconds.
  path: Assets/ExampleAssets
  artifactKey: Guid(990f5c2df70993f4987a388ca178996a) Importer(815301076,1909f56bfc062723c751e8b465ee728b)
Start importing Assets/ExampleAssets using Guid(990f5c2df70993f4987a388ca178996a) Importer(815301076,1909f56bfc062723c751e8b465ee728b)  -> (artifact id: 'f86d171bc68fd768341141d484d02dc3') in 0.008235 seconds
  Import took 0.012249 seconds .

========================================================================
Received Prepare
Registering precompiled user dll's ...
Registered in 0.001195 seconds.
Begin MonoManager ReloadAssembly
Native extension for WindowsStandalone target not found
Native extension for WebGL target not found
Refreshing native plugins compatible for Editor in 0.55 ms, found 0 plugins.
Preloading 0 native plugins for Editor in 0.00 ms.
Invoked RoslynAnalysisRunner static constructor.
RoslynAnalysisRunner will not be running.
RoslynAnalysisRunner has terminated.
Mono: successfully reloaded assembly
- Completed reload, in  0.685 seconds
Platform modules already initialized, skipping
Shader 'Universal Render Pipeline/Particles/Lit': fallback shader 'Universal Render Pipeline/Particles/SimpleLit' not found
Shader 'Universal Render Pipeline/Particles/Lit': fallback shader 'Universal Render Pipeline/Particles/SimpleLit' not found
Refreshing native plugins compatible for Editor in 0.47 ms, found 0 plugins.
Preloading 0 native plugins for Editor in 0.00 ms.
Unloading 2343 Unused Serialized files (Serialized files now loaded: 0)
System memory in use before: 107.1 MB.
System memory in use after: 104.9 MB.

Unloading 41 unused Assets to reduce memory usage. Loaded Objects now: 2823.
Total: 3.341600 ms (FindLiveObjects: 0.323900 ms CreateObjectMapping: 0.080600 ms MarkObjects: 1.675900 ms  DeleteObjects: 1.259900 ms)

========================================================================
Received Import Request.
  Time since last request: 13.105070 seconds.
  path: Assets/TutorialInfo
  artifactKey: Guid(49110bb8dcada46328ad741970bce702) Importer(815301076,1909f56bfc062723c751e8b465ee728b)
Start importing Assets/TutorialInfo using Guid(49110bb8dcada46328ad741970bce702) Importer(815301076,1909f56bfc062723c751e8b465ee728b)  -> (artifact id: '01b730f4bcb53e42f2455cac6c6ee2ac') in 0.009987 seconds
  Import took 0.013650 seconds .

========================================================================
Received Prepare
Registering precompiled user dll's ...
Registered in 0.001083 seconds.
Begin MonoManager ReloadAssembly
Native extension for WindowsStandalone target not found
Native extension for WebGL target not found
Refreshing native plugins compatible for Editor in 0.43 ms, found 0 plugins.
Preloading 0 native plugins for Editor in 0.00 ms.
Invoked RoslynAnalysisRunner static constructor.
RoslynAnalysisRunner will not be running.
RoslynAnalysisRunner has terminated.
Mono: successfully reloaded assembly
- Completed reload, in  0.683 seconds
Platform modules already initialized, skipping
Shader 'Universal Render Pipeline/Particles/Lit': fallback shader 'Universal Render Pipeline/Particles/SimpleLit' not found
Shader 'Universal Render Pipeline/Particles/Lit': fallback shader 'Universal Render Pipeline/Particles/SimpleLit' not found
Refreshing native plugins compatible for Editor in 0.45 ms, found 0 plugins.
Preloading 0 native plugins for Editor in 0.00 ms.
Unloading 2343 Unused Serialized files (Serialized files now loaded: 0)
System memory in use before: 107.2 MB.
System memory in use after: 104.9 MB.

Unloading 41 unused Assets to reduce memory usage. Loaded Objects now: 2826.
Total: 3.402100 ms (FindLiveObjects: 0.355100 ms CreateObjectMapping: 0.073100 ms MarkObjects: 1.740400 ms  DeleteObjects: 1.232100 ms)

========================================================================
Received Import Request.
  Time since last request: 71.519563 seconds.
  path: Assets/Scenes
  artifactKey: Guid(57aee172eab79f6429779a59f712ec4f) Importer(815301076,1909f56bfc062723c751e8b465ee728b)
Start importing Assets/Scenes using Guid(57aee172eab79f6429779a59f712ec4f) Importer(815301076,1909f56bfc062723c751e8b465ee728b)  -> (artifact id: 'd9a1a9cfa371ec45276461f6ee341156') in 0.011609 seconds
  Import took 0.015498 seconds .

========================================================================
Received Import Request.
  Time since last request: 0.487862 seconds.
  path: Assets/Scenes/MiniGame.unity
  artifactKey: Guid(2f5fbed8079ceb141b8c79266ad67894) Importer(815301076,1909f56bfc062723c751e8b465ee728b)
Start importing Assets/Scenes/MiniGame.unity using Guid(2f5fbed8079ceb141b8c79266ad67894) Importer(815301076,1909f56bfc062723c751e8b465ee728b)  -> (artifact id: '7366535de8d4a1f2ad0827590b2408a0') in 0.013233 seconds
  Import took 0.018822 seconds .

========================================================================
Received Import Request.
  Time since last request: 50.080362 seconds.
  path: Assets/Scenes/MiniGame.unity
  artifactKey: Guid(2f5fbed8079ceb141b8c79266ad67894) Importer(815301076,1909f56bfc062723c751e8b465ee728b)
Start importing Assets/Scenes/MiniGame.unity using Guid(2f5fbed8079ceb141b8c79266ad67894) Importer(815301076,1909f56bfc062723c751e8b465ee728b)  -> (artifact id: 'bc1f7cb90e59715360c335dc7364e0e0') in 0.002715 seconds
  Import took 0.006520 seconds .

========================================================================
Received Import Request.
  Time since last request: 0.000525 seconds.
  path: Assets/Scenes/MiniGame.unity
  artifactKey: Guid(2f5fbed8079ceb141b8c79266ad67894) Importer(815301076,1909f56bfc062723c751e8b465ee728b)
Start importing Assets/Scenes/MiniGame.unity using Guid(2f5fbed8079ceb141b8c79266ad67894) Importer(815301076,1909f56bfc062723c751e8b465ee728b)  -> (artifact id: 'bc1f7cb90e59715360c335dc7364e0e0') in 0.002769 seconds
  Import took 0.006454 seconds .

========================================================================
Received Import Request.
  Time since last request: 289.181622 seconds.
  path: Assets/Materials
  artifactKey: Guid(453795ba7c0af03479383e2c5e1287c9) Importer(815301076,1909f56bfc062723c751e8b465ee728b)
Start importing Assets/Materials using Guid(453795ba7c0af03479383e2c5e1287c9) Importer(815301076,1909f56bfc062723c751e8b465ee728b)  -> (artifact id: '7145cec3cd700c82cde90a0080c19a68') in 0.006526 seconds
  Import took 0.010497 seconds .

========================================================================
Received Import Request.
  Time since last request: 15.104103 seconds.
  path: Assets/Materials/Background.mat
  artifactKey: Guid(3e7de4dab051dca488f1bb07c337dd36) Importer(815301076,1909f56bfc062723c751e8b465ee728b)
Start importing Assets/Materials/Background.mat using Guid(3e7de4dab051dca488f1bb07c337dd36) Importer(815301076,1909f56bfc062723c751e8b465ee728b)  -> (artifact id: '71b6384fae63d8d15c12e8737afd0c42') in 0.180552 seconds
  Import took 0.184370 seconds .

========================================================================
Received Import Request.
  Time since last request: 57.459092 seconds.
  path: Assets/Materials/Background.mat
  artifactKey: Guid(3e7de4dab051dca488f1bb07c337dd36) Importer(815301076,1909f56bfc062723c751e8b465ee728b)
Start importing Assets/Materials/Background.mat using Guid(3e7de4dab051dca488f1bb07c337dd36) Importer(815301076,1909f56bfc062723c751e8b465ee728b)  -> (artifact id: '90b3611094bcf611d61f3ed2e3213406') in 0.013465 seconds
  Import took 0.017087 seconds .

========================================================================
Received Import Request.
  Time since last request: 0.000209 seconds.
  path: Assets/Materials/Player.mat
  artifactKey: Guid(48b82803b33e95f449ef00aa3921d37a) Importer(815301076,1909f56bfc062723c751e8b465ee728b)
Start importing Assets/Materials/Player.mat using Guid(48b82803b33e95f449ef00aa3921d37a) Importer(815301076,1909f56bfc062723c751e8b465ee728b)  -> (artifact id: '3da4d75064af9bbc52818769835a9730') in 0.012521 seconds
  Import took 0.015589 seconds .

========================================================================
Received Prepare
Registering precompiled user dll's ...
Registered in 0.001166 seconds.
Begin MonoManager ReloadAssembly
Native extension for WindowsStandalone target not found
Native extension for WebGL target not found
Refreshing native plugins compatible for Editor in 37.89 ms, found 0 plugins.
Preloading 0 native plugins for Editor in 0.00 ms.
Invoked RoslynAnalysisRunner static constructor.
RoslynAnalysisRunner will not be running.
RoslynAnalysisRunner has terminated.
Mono: successfully reloaded assembly
- Completed reload, in  0.627 seconds
Platform modules already initialized, skipping
Shader 'Universal Render Pipeline/Particles/Lit': fallback shader 'Universal Render Pipeline/Particles/SimpleLit' not found
Shader 'Universal Render Pipeline/Particles/Lit': fallback shader 'Universal Render Pipeline/Particles/SimpleLit' not found
Refreshing native plugins compatible for Editor in 0.57 ms, found 0 plugins.
Preloading 0 native plugins for Editor in 0.00 ms.
Unloading 2639 Unused Serialized files (Serialized files now loaded: 0)
System memory in use before: 121.7 MB.
System memory in use after: 118.5 MB.

Unloading 105 unused Assets to reduce memory usage. Loaded Objects now: 3136.
Total: 3.560800 ms (FindLiveObjects: 0.405300 ms CreateObjectMapping: 0.076300 ms MarkObjects: 1.370300 ms  DeleteObjects: 1.707400 ms)

AssetImportParameters requested are different than current active one (requested -> active):
  custom:srp/default-shader: 0000e00a000e0de00000e000e0000000 -> 00a0da0d000000000000000000000000
AssetImportWorkerClient::OnTransportError - code=2 error=End of file
